[2024-12-25 11:11:24,468] INFO [main.signals] Создан профиль для пользователя: yasin
[2024-12-25 11:41:59,971] INFO [main.signals] Создан профиль для пользователя: abdurahmonovkutemirraftorovich
[2024-12-25 11:42:01,857] INFO [main.signals] Обновлён профиль для пользователя: abdurahmonovkutemirraftorovich
[2024-12-25 11:42:03,662] INFO [main.signals] Создан профиль для пользователя: abzhalilovbekmyrzaabdilazimovich
[2024-12-25 11:42:05,532] INFO [main.signals] Обновлён профиль для пользователя: abzhalilovbekmyrzaabdilazimovich
[2024-12-25 11:42:07,306] INFO [main.signals] Создан профиль для пользователя: ajdarbekovargennurlanbekovich
[2024-12-25 11:42:09,182] INFO [main.signals] Обновлён профиль для пользователя: ajdarbekovargennurlanbekovich
[2024-12-25 11:42:10,967] INFO [main.signals] Создан профиль для пользователя: ajdarovajdinmaratovich
[2024-12-25 11:42:12,839] INFO [main.signals] Обновлён профиль для пользователя: ajdarovajdinmaratovich
[2024-12-25 11:43:14,721] INFO [main.signals] Создан профиль для пользователя: 1001
[2024-12-25 11:43:16,619] INFO [main.signals] Обновлён профиль для пользователя: 1001
[2024-12-25 11:43:18,415] INFO [main.signals] Создан профиль для пользователя: 1002
[2024-12-25 11:43:20,307] INFO [main.signals] Обновлён профиль для пользователя: 1002
[2024-12-25 11:43:22,120] INFO [main.signals] Создан профиль для пользователя: 1003
[2024-12-25 11:43:24,004] INFO [main.signals] Обновлён профиль для пользователя: 1003
[2024-12-25 11:43:25,820] INFO [main.signals] Создан профиль для пользователя: 1004
[2024-12-25 11:43:27,697] INFO [main.signals] Обновлён профиль для пользователя: 1004
[2024-12-25 11:43:29,489] INFO [main.signals] Создан профиль для пользователя: 1005
[2024-12-25 11:43:31,357] INFO [main.signals] Обновлён профиль для пользователя: 1005
[2024-12-25 11:43:33,145] INFO [main.signals] Создан профиль для пользователя: 1006
[2024-12-25 11:43:35,024] INFO [main.signals] Обновлён профиль для пользователя: 1006
[2024-12-25 11:43:36,826] INFO [main.signals] Создан профиль для пользователя: 1007
[2024-12-25 11:43:38,717] INFO [main.signals] Обновлён профиль для пользователя: 1007
[2024-12-25 11:43:40,510] INFO [main.signals] Создан профиль для пользователя: 1008
[2024-12-25 11:43:42,407] INFO [main.signals] Обновлён профиль для пользователя: 1008
[2024-12-25 11:43:44,183] INFO [main.signals] Создан профиль для пользователя: 1009
[2024-12-25 11:43:46,091] INFO [main.signals] Обновлён профиль для пользователя: 1009
[2024-12-25 11:43:47,881] INFO [main.signals] Создан профиль для пользователя: 1010
[2024-12-25 11:43:49,763] INFO [main.signals] Обновлён профиль для пользователя: 1010
[2024-12-25 11:43:51,550] INFO [main.signals] Создан профиль для пользователя: 1011
[2024-12-25 11:43:53,428] INFO [main.signals] Обновлён профиль для пользователя: 1011
[2024-12-25 11:43:55,218] INFO [main.signals] Создан профиль для пользователя: 1012
[2024-12-25 11:43:57,132] INFO [main.signals] Обновлён профиль для пользователя: 1012
[2024-12-25 11:48:25,927] INFO [main.signals] Создан профиль для пользователя: 1013
[2024-12-25 11:48:27,867] INFO [main.signals] Обновлён профиль для пользователя: 1013
[2024-12-25 11:48:32,333] INFO [main.signals] Создан профиль для пользователя: 1014
[2024-12-25 11:48:34,248] INFO [main.signals] Обновлён профиль для пользователя: 1014
[2024-12-25 11:48:38,734] INFO [main.signals] Создан профиль для пользователя: 1015
[2024-12-25 11:48:40,612] INFO [main.signals] Обновлён профиль для пользователя: 1015
[2024-12-25 11:48:45,085] INFO [main.signals] Создан профиль для пользователя: 1016
[2024-12-25 11:48:46,981] INFO [main.signals] Обновлён профиль для пользователя: 1016
[2024-12-25 11:48:51,549] INFO [main.signals] Создан профиль для пользователя: 1017
[2024-12-25 11:48:53,407] INFO [main.signals] Обновлён профиль для пользователя: 1017
[2024-12-25 11:48:57,896] INFO [main.signals] Создан профиль для пользователя: 1018
[2024-12-25 11:48:59,763] INFO [main.signals] Обновлён профиль для пользователя: 1018
[2024-12-25 11:49:04,256] INFO [main.signals] Создан профиль для пользователя: 1019
[2024-12-25 11:49:06,173] INFO [main.signals] Обновлён профиль для пользователя: 1019
[2024-12-25 11:49:10,655] INFO [main.signals] Создан профиль для пользователя: 1020
[2024-12-25 11:49:12,529] INFO [main.signals] Обновлён профиль для пользователя: 1020
[2024-12-25 11:49:17,004] INFO [main.signals] Создан профиль для пользователя: 1021
[2024-12-25 11:49:18,889] INFO [main.signals] Обновлён профиль для пользователя: 1021
[2024-12-25 11:49:23,394] INFO [main.signals] Создан профиль для пользователя: 1022
[2024-12-25 11:49:25,295] INFO [main.signals] Обновлён профиль для пользователя: 1022
[2024-12-25 11:49:29,815] INFO [main.signals] Создан профиль для пользователя: 1023
[2024-12-25 11:49:31,719] INFO [main.signals] Обновлён профиль для пользователя: 1023
[2024-12-25 11:49:36,259] INFO [main.signals] Создан профиль для пользователя: 1024
[2024-12-25 11:49:38,165] INFO [main.signals] Обновлён профиль для пользователя: 1024
